<?xml version="1.0" encoding="UTF-8"?>
<testsuite name="org.geoint.keyhole.test.AuthenticationTest" time="0.493" tests="9" errors="0" skipped="8" failures="0">
  <properties>
[...]
</properties>
  <testcase name="testNothingBase" classname="org.geoint.keyhole.test.AuthenticationTest" time="0">
    <skipped/>
    <system-out><![CDATA[Found populator: org.glassfish.kernel.embedded.EmbeddedDomainXml
]]></system-out>
    <system-err><![CDATA[Feb 23, 2015 4:15:34 PM org.glassfish.security.services.impl.authorization.AuthorizationServiceImpl initialize
INFO: Authorization Service has successfully initialized.
Feb 23, 2015 4:15:34 PM org.hibernate.validator.internal.util.Version <clinit>
INFO: HV000001: Hibernate Validator 5.0.0.Final
Feb 23, 2015 4:15:35 PM com.sun.enterprise.v3.services.impl.GrizzlyProxy start0
INFO: Grizzly Framework 2.3.15 started in: 20ms - bound to [/0.0.0.0:8080]
Feb 23, 2015 4:15:35 PM com.sun.enterprise.v3.services.impl.GrizzlyProxy start0
INFO: Grizzly Framework 2.3.15 started in: 1ms - bound to [/0.0.0.0:8181]
Feb 23, 2015 4:15:35 PM com.sun.enterprise.v3.admin.adapter.AdminEndpointDecider setGuiContextRoot
INFO: Admin Console Adapter: context root: /admin
Feb 23, 2015 4:15:35 PM com.sun.enterprise.v3.admin.adapter.AdminEndpointDecider setGuiContextRoot
INFO: Admin Console Adapter: context root: /admin
Feb 23, 2015 4:15:35 PM com.sun.enterprise.v3.admin.adapter.AdminEndpointDecider setGuiContextRoot
INFO: Admin Console Adapter: context root: /admin
Feb 23, 2015 4:15:35 PM com.sun.enterprise.v3.server.AppServerStartup postStartupJob
INFO: Undefined Product Name - define product and version info in config/branding  0.0.0  (0) startup time : Embedded (978ms), startup services(822ms), total(1,800ms)
Feb 23, 2015 4:15:36 PM org.glassfish.admin.mbeanserver.JMXStartupService$JMXConnectorsStarterThread run
INFO: JMXStartupService has disabled JMXConnector system
Feb 23, 2015 4:15:36 PM com.sun.enterprise.connectors.jms.util.JmsRaUtil getInstalledMqVersion
WARNING: jmsra.upgrade_check_failed
Feb 23, 2015 4:15:36 PM com.sun.enterprise.security.SecurityLifecycle <init>
INFO: Java security manager is disabled.
Feb 23, 2015 4:15:36 PM com.sun.enterprise.security.SecurityLifecycle onInitialization
INFO: Entering Security Startup Service.
Feb 23, 2015 4:15:36 PM com.sun.enterprise.security.PolicyLoader loadPolicy
INFO: Loading policy provider com.sun.enterprise.security.jacc.provider.SimplePolicyProvider.
Feb 23, 2015 4:15:36 PM com.sun.enterprise.security.auth.realm.Realm doInstantiate
INFO: Realm [admin-realm] of classtype [com.sun.enterprise.security.auth.realm.file.FileRealm] successfully created.
Feb 23, 2015 4:15:36 PM com.sun.enterprise.security.auth.realm.Realm doInstantiate
INFO: Realm [file] of classtype [com.sun.enterprise.security.auth.realm.file.FileRealm] successfully created.
Feb 23, 2015 4:15:36 PM com.sun.enterprise.security.auth.realm.Realm doInstantiate
INFO: Realm [certificate] of classtype [com.sun.enterprise.security.auth.realm.certificate.CertificateRealm] successfully created.
Feb 23, 2015 4:15:36 PM com.sun.enterprise.security.SecurityLifecycle onInitialization
INFO: Security Service(s) started successfully.
Feb 23, 2015 4:15:36 PM com.sun.enterprise.web.WebContainer createHttpListener
INFO: Created HTTP listener http-listener on host/port 0.0.0.0:8080
Feb 23, 2015 4:15:36 PM com.sun.enterprise.web.WebContainer createHttpListener
INFO: Created HTTP listener https-listener on host/port 0.0.0.0:8181
Feb 23, 2015 4:15:36 PM com.sun.enterprise.web.WebContainer createHosts
INFO: Created virtual server server
Feb 23, 2015 4:15:37 PM org.apache.catalina.realm.JAASRealm setContainer
INFO: Setting JAAS app name glassfish-web
Feb 23, 2015 4:15:37 PM com.sun.enterprise.web.WebContainer loadSystemDefaultWebModules
INFO: Virtual server server loaded default web module 
Feb 23, 2015 4:15:37 PM org.apache.catalina.core.StandardContext log
INFO: WebModule[null] ServletContext.log():No Spring WebApplicationInitializer types detected on classpath
Feb 23, 2015 4:15:37 PM org.apache.catalina.core.StandardContext log
INFO: WebModule[null] ServletContext.log():No Spring WebApplicationInitializer types detected on classpath
Feb 23, 2015 4:15:37 PM org.geoint.keyhole.ssl.TerribleTrustManagerInstaller contextInitialized
WARNING: This proxy currently disables ssl server valiation.  This will be fixed in a future version.
Feb 23, 2015 4:15:37 PM net.sf.j2ep.ProxyFilter init
INFO: init proxy filter
Feb 23, 2015 4:15:37 PM org.geoint.keyhole.test.AuthenticationFilter init
INFO: AuthenticationFilter initialized
Feb 23, 2015 4:15:37 PM com.sun.enterprise.web.WebApplication start
INFO: Loading application [keyhole] at [/keyhole]
Feb 23, 2015 4:15:37 PM org.glassfish.deployment.admin.DeployCommand execute
INFO: keyhole was successfully deployed in 1,620 milliseconds.
Feb 23, 2015 4:15:37 PM org.apache.catalina.core.StandardContext log
INFO: WebModule[null] ServletContext.log():No Spring WebApplicationInitializer types detected on classpath
Feb 23, 2015 4:15:37 PM org.geoint.keyhole.test.AuthenticationFilter init
INFO: AuthenticationFilter initialized
Feb 23, 2015 4:15:37 PM com.sun.enterprise.web.WebApplication start
INFO: Loading application [test] at [/test]
Feb 23, 2015 4:15:37 PM org.glassfish.deployment.admin.DeployCommand execute
INFO: test was successfully deployed in 177 milliseconds.
]]></system-err>
  </testcase>
  <testcase name="testDirectGetOverHttps" classname="org.geoint.keyhole.test.AuthenticationTest" time="0">
    <skipped/>
  </testcase>
  <testcase name="testDirectPost" classname="org.geoint.keyhole.test.AuthenticationTest" time="0">
    <skipped/>
  </testcase>
  <testcase name="testDirectGet" classname="org.geoint.keyhole.test.AuthenticationTest" time="0">
    <skipped/>
  </testcase>
  <testcase name="testProxiedHttpsPost" classname="org.geoint.keyhole.test.AuthenticationTest" time="0.493"/>
  <testcase name="testProxiedPost" classname="org.geoint.keyhole.test.AuthenticationTest" time="0">
    <skipped/>
  </testcase>
  <testcase name="testProxiedHttpsGet" classname="org.geoint.keyhole.test.AuthenticationTest" time="0">
    <skipped/>
  </testcase>
  <testcase name="testProxiedGet" classname="org.geoint.keyhole.test.AuthenticationTest" time="0">
    <skipped/>
  </testcase>
  <testcase name="testDirectPostOverHttps" classname="org.geoint.keyhole.test.AuthenticationTest" time="0">
    <skipped/>
  </testcase>
</testsuite>